d:\projects\repos\ged-repo\gameenginedesign\visualstudio\gedpart2dll\gedpart2dll\x64\release\vc142.pdb
d:\projects\repos\ged-repo\gameenginedesign\visualstudio\gedpart2dll\gedpart2dll\x64\release\wrapper.obj
d:\projects\repos\ged-repo\gameenginedesign\visualstudio\gedpart2dll\gedpart2dll\x64\release\interleavebuffer.obj
d:\projects\repos\ged-repo\gameenginedesign\visualstudio\gedpart2dll\gedpart2dll\x64\release\transformdata.obj
d:\projects\repos\ged-repo\gameenginedesign\visualstudio\gedpart2dll\gedpart2dll\x64\release\fileio.obj
d:\projects\repos\ged-repo\gameenginedesign\visualstudio\gedpart2dll\x64\release\gedpart2dll.lib
d:\projects\repos\ged-repo\gameenginedesign\visualstudio\gedpart2dll\x64\release\gedpart2dll.exp
d:\projects\repos\ged-repo\gameenginedesign\visualstudio\gedpart2dll\x64\release\gedpart2dll.ipdb
d:\projects\repos\ged-repo\gameenginedesign\visualstudio\gedpart2dll\x64\release\gedpart2dll.iobj
d:\projects\repos\ged-repo\gameenginedesign\visualstudio\gedpart2dll\x64\release\fileiopro.lib
d:\projects\repos\ged-repo\gameenginedesign\visualstudio\gedpart2dll\x64\release\fileiopro.exp
d:\projects\repos\ged-repo\gameenginedesign\visualstudio\gedpart2dll\x64\release\fileiopro.ipdb
d:\projects\repos\ged-repo\gameenginedesign\visualstudio\gedpart2dll\x64\release\fileiopro.iobj
d:\projects\repos\ged-repo\gameenginedesign\visualstudio\gedpart2dll\x64\release\gedpart2dll.dll
d:\projects\repos\ged-repo\gameenginedesign\visualstudio\gedpart2dll\x64\release\gedpart2dll.pdb
d:\projects\repos\ged-repo\gameenginedesign\visualstudio\gedpart2dll\x64\release\fileiopro.dll
d:\projects\repos\ged-repo\gameenginedesign\visualstudio\gedpart2dll\x64\release\fileiopro.pdb
d:\projects\repos\ged-repo\gameenginedesign\visualstudio\gedpart2dll\gedpart2dll\x64\release\gedpart2dll.tlog\cl.command.1.tlog
d:\projects\repos\ged-repo\gameenginedesign\visualstudio\gedpart2dll\gedpart2dll\x64\release\gedpart2dll.tlog\cl.read.1.tlog
d:\projects\repos\ged-repo\gameenginedesign\visualstudio\gedpart2dll\gedpart2dll\x64\release\gedpart2dll.tlog\cl.write.1.tlog
d:\projects\repos\ged-repo\gameenginedesign\visualstudio\gedpart2dll\gedpart2dll\x64\release\gedpart2dll.tlog\gedpart2dll.write.1u.tlog
d:\projects\repos\ged-repo\gameenginedesign\visualstudio\gedpart2dll\gedpart2dll\x64\release\gedpart2dll.tlog\link.command.1.tlog
d:\projects\repos\ged-repo\gameenginedesign\visualstudio\gedpart2dll\gedpart2dll\x64\release\gedpart2dll.tlog\link.delete.1.tlog
d:\projects\repos\ged-repo\gameenginedesign\visualstudio\gedpart2dll\gedpart2dll\x64\release\gedpart2dll.tlog\link.read.1.tlog
d:\projects\repos\ged-repo\gameenginedesign\visualstudio\gedpart2dll\gedpart2dll\x64\release\gedpart2dll.tlog\link.write.1.tlog
